% python licenses.py

Page 1: https://opensource.org/license
  Los Alamos National Labs BSD-3 Variant
  CMU License
  Blue Oak Model License
  UNICODE LICENSE V3
  ICU License
  Open Logistics Foundation License v1.3
  The European Union Public License, version 1.1
  JAM License
  Zope Public License 2.1
  CERN Open Hardware Licence Version 2 – Strongly Reciprocal
  CERN Open Hardware Licence Version 2 – Weakly Reciprocal
  CERN Open Hardware Licence Version 2 – Permissive

Page 2: https://opensource.org/license/page/2
  MIT No Attribution License
  Unicode, Inc. License Agreement – Data Files and Software
  The Unlicense
  PHP License 3.01
  Cryptographic Autonomy License
  Mulan Permissive Software License v2
  OpenLDAP Public License Version 2.8
  1-clause BSD License
  Lawrence Berkeley National Labs BSD Variant License
  Eclipse Public License version 2.0
  GNU Library General Public License version 2
  Upstream Compatibility License v1.0

Page 3: https://opensource.org/license/page/3
  BSD+Patent
  Licence Libre du Québec – Réciprocité forte version 1.1
  Licence Libre du Québec – Réciprocité version 1.1
  Licence Libre du Québec – Permissive  version 1.1
  OSET Public License version 2.1
  eCos License version 2.0
  Zero-Clause BSD
  The Universal Permissive License Version 1.0
  Cea Cnrs Inria Logiciel Libre License, version 2.1
  Artistic License (Perl) 1.0
  Mozilla Public License 2.0
  European Union Public License, version 1.2

Page 4: https://opensource.org/license/page/4
  The 3-Clause BSD License
  LaTeX Project Public License, Version 1.3c
  GNU General Public License, version 1
  The PostgreSQL Licence
  IPA Font License
  SIL OPEN FONT LICENSE
  MirOS License
  Non-Profit Open Software License version 3.0
  NTP License
  GNU Affero General Public License version 3
  ISC License
  Reciprocal Public License 1.5

Page 5: https://opensource.org/license/page/5
  Boost Software License 1.0
  Multics License
  Open Software License 2.1
  Simple Public License
  GNU Lesser General Public License version 3
  GNU General Public License version 3
  Microsoft Reciprocal License
  Microsoft Public License
  Artistic License 2.0
  Educational Community License, Version 2.0
  Eclipse Public License -v 1.0
  Common Public Attribution License Version 1.0

Page 6: https://opensource.org/license/page/6
  Common Public License Version 1.0
  Open Software License, version 1.0
  Mozilla Public License, version 1.0
  Motosoto Open Source License
  The MIT License
  Mozilla Public License 1.1
  The zlib/libpng License
  MITRE Collaborative Virtual Workspace License
  Eiffel Forum License, Version 2
  Attribution Assurance License
  The X.Net, Inc. License
  Eiffel Forum License, version 1

Page 7: https://opensource.org/license/page/7
  EU DataGrid Software License
  Skipping duplicate license: Attribution Assurance License
  Skipping duplicate license: The zlib/libpng License
  The University of Illinois/NCSA Open Source License
  Zope Public License 2.0
  Skipping duplicate license: The X.Net, Inc. License
  The wxWindows Library Licence
  The W3C® Software and Document license
  The Vovida Software License v. 1.0
  The Sybase Open Source Licence
  Sun Public License, Version 1.0
  Artistic License 1.0

Page 8: https://opensource.org/license/page/8
  Skipping duplicate license: The wxWindows Library Licence
  Skipping duplicate license: The W3C® Software and Document license
  Skipping duplicate license: The Vovida Software License v. 1.0
  Skipping duplicate license: The University of Illinois/NCSA Open Source License
  Skipping duplicate license: Sun Public License, Version 1.0
  Sun Industry Standards Source License
  The Sleepycat License
  The Ricoh Source Code Public License
  Reciprocal Public License, version 1.1
  RealNetworks Public Source License Version 1.0
  The Q Public License Version
  Python License, Version 2

Page 9: https://opensource.org/license/page/9
  Skipping duplicate license: Zope Public License 2.0
  Skipping duplicate license: The Sleepycat License
  Skipping duplicate license: The Ricoh Source Code Public License
  Nokia Open Source License Version 1.0a
  The OCLC Research Public License 2.0 License
  Open Group Test Suite License
  The Open Software License 3.0
  PHP License 3.0
  The CNRI portion of the multi-part Python License
  Skipping duplicate license: Python License, Version 2
  Skipping duplicate license: RealNetworks Public Source License Version 1.0
  Skipping duplicate license: Reciprocal Public License, version 1.1

Page 10: https://opensource.org/license/page/10
  NAUMEN Public License
  The Nethack General Public License
  Skipping duplicate license: Nokia Open Source License Version 1.0a
  Skipping duplicate license: The OCLC Research Public License 2.0 License
  Skipping duplicate license: Open Group Test Suite License
  Skipping duplicate license: The Open Software License 3.0
  Skipping duplicate license: PHP License 3.0
  Skipping duplicate license: The CNRI portion of the multi-part Python License
  Skipping duplicate license: Python License, Version 2
  Skipping duplicate license: The zlib/libpng License

Page 11: https://opensource.org/license/page/11
Reached end of pages at page 11

Complete! License data extracted from 10 pages and saved to licenses.json
Total licenses found: 96
